<?xml version="1.0" encoding="UTF-8"?>
<!-- Generated by org.testng.reporters.JUnitReportReporter -->
<testsuite skipped="0" hostname="Main" name="test.BookingStatusTests" tests="1" failures="0" timestamp="02 Jun 2020 15:59:48 GMT" time="34.197" errors="0">
  <testcase name="ticketWithWrongUserData" time="34.197" classname="test.BookingStatusTests"/>
</testsuite> <!-- test.BookingStatusTests -->
